build/app/intermediates/manifest_merge_blame_file/release/manifest-merger-blame-release-report.txt
1<?xml version="1.0" encoding="utf-8"?>
2<manifest xmlns:android="http://schemas.android.com/apk/res/android"
3    package="com.danielowusuacquah.ICA"
4    android:versionCode="208"
5    android:versionName="1.0.2" >
6
7    <uses-sdk
8        android:minSdkVersion="21"
8-->src\main\AndroidManifest.xml
9        android:targetSdkVersion="34" />
9-->src\main\AndroidManifest.xml
10
11    <queries>
11-->src\main\AndroidManifest.xml:3:1-9:15
12        <intent>
12-->src\main\AndroidManifest.xml:4:9-8:18
13            <action android:name="android.intent.action.VIEW" />
13-->src\main\AndroidManifest.xml:5:13-65
13-->src\main\AndroidManifest.xml:5:21-62
14
15            <category android:name="android.intent.category.BROWSABLE" />
15-->src\main\AndroidManifest.xml:6:13-74
15-->src\main\AndroidManifest.xml:6:23-71
16
17            <data android:scheme="https" />
17-->src\main\AndroidManifest.xml:7:13-44
17-->src\main\AndroidManifest.xml:7:19-41
18        </intent>
19        <intent>
19-->[com.android.billingclient:billing:7.0.0] AndroidManifest.xml:13:9-15:18
20            <action android:name="com.android.vending.billing.InAppBillingService.BIND" />
20-->[com.android.billingclient:billing:7.0.0] AndroidManifest.xml:14:13-91
20-->[com.android.billingclient:billing:7.0.0] AndroidManifest.xml:14:21-88
21        </intent> <!-- End of browser content -->
22        <!-- For CustomTabsService -->
23        <intent>
23-->[com.google.android.gms:play-services-ads-lite:22.0.0] AndroidManifest.xml:44:9-46:18
24            <action android:name="android.support.customtabs.action.CustomTabsService" />
24-->[com.google.android.gms:play-services-ads-lite:22.0.0] AndroidManifest.xml:45:13-90
24-->[com.google.android.gms:play-services-ads-lite:22.0.0] AndroidManifest.xml:45:21-87
25        </intent>
26    </queries>
27
28    <uses-permission android:name="android.permission.INTERNET" />
28-->src\main\AndroidManifest.xml:44:3-64
28-->src\main\AndroidManifest.xml:44:20-62
29    <uses-permission android:name="android.permission.ACCESS_NETWORK_STATE" /> <!-- Create a unique permission for your app and use it so only your app can receive your OneSignal messages. -->
29-->[com.google.firebase:firebase-auth:22.3.1] AndroidManifest.xml:26:5-79
29-->[com.google.firebase:firebase-auth:22.3.1] AndroidManifest.xml:26:22-76
30    <permission
30-->[com.onesignal:OneSignal:4.8.5] AndroidManifest.xml:7:5-9:47
31        android:name="com.danielowusuacquah.ICA.permission.C2D_MESSAGE"
31-->[com.onesignal:OneSignal:4.8.5] AndroidManifest.xml:8:9-63
32        android:protectionLevel="signature" />
32-->[com.onesignal:OneSignal:4.8.5] AndroidManifest.xml:9:9-44
33
34    <uses-permission android:name="com.danielowusuacquah.ICA.permission.C2D_MESSAGE" /> <!-- OneSignal SDK has runtime checks Android version. -->
34-->[com.onesignal:OneSignal:4.8.5] AndroidManifest.xml:11:5-79
34-->[com.onesignal:OneSignal:4.8.5] AndroidManifest.xml:11:22-76
35    <!-- <uses-sdk tools:overrideLibrary="android.support.customtabs"/> -->
36    <!-- Required runtime permission to display notifications on Android 13 -->
37    <uses-permission android:name="android.permission.POST_NOTIFICATIONS" /> <!-- c2dm RECEIVE are basic requirements for push messages through Google's FCM -->
37-->[com.onesignal:OneSignal:4.8.5] AndroidManifest.xml:16:5-77
37-->[com.onesignal:OneSignal:4.8.5] AndroidManifest.xml:16:22-74
38    <uses-permission android:name="com.google.android.c2dm.permission.RECEIVE" /> <!-- Required, makes sure notifications are delivered on time. -->
38-->[com.onesignal:OneSignal:4.8.5] AndroidManifest.xml:18:5-82
38-->[com.onesignal:OneSignal:4.8.5] AndroidManifest.xml:18:22-79
39    <uses-permission android:name="android.permission.WAKE_LOCK" />
39-->[com.onesignal:OneSignal:4.8.5] AndroidManifest.xml:19:5-68
39-->[com.onesignal:OneSignal:4.8.5] AndroidManifest.xml:19:22-65
40    <!--
41 Required so the device vibrates on receiving a push notification.
42         Vibration settings of the device still apply.
43    -->
44    <uses-permission android:name="android.permission.VIBRATE" />
44-->[com.onesignal:OneSignal:4.8.5] AndroidManifest.xml:24:5-66
44-->[com.onesignal:OneSignal:4.8.5] AndroidManifest.xml:24:22-63
45    <!--
46 Use to restore notifications the user hasn't interacted with.
47         They could be missed notifications if the user reboots their device if this isn't in place.
48    -->
49    <uses-permission android:name="android.permission.RECEIVE_BOOT_COMPLETED" /> <!-- START: ShortcutBadger -->
49-->[com.onesignal:OneSignal:4.8.5] AndroidManifest.xml:30:5-81
49-->[com.onesignal:OneSignal:4.8.5] AndroidManifest.xml:30:22-78
50    <!-- Samsung -->
51    <uses-permission android:name="com.sec.android.provider.badge.permission.READ" />
51-->[com.onesignal:OneSignal:4.8.5] AndroidManifest.xml:32:5-86
51-->[com.onesignal:OneSignal:4.8.5] AndroidManifest.xml:32:22-83
52    <uses-permission android:name="com.sec.android.provider.badge.permission.WRITE" /> <!-- HTC -->
52-->[com.onesignal:OneSignal:4.8.5] AndroidManifest.xml:33:5-87
52-->[com.onesignal:OneSignal:4.8.5] AndroidManifest.xml:33:22-84
53    <uses-permission android:name="com.htc.launcher.permission.READ_SETTINGS" />
53-->[com.onesignal:OneSignal:4.8.5] AndroidManifest.xml:34:5-81
53-->[com.onesignal:OneSignal:4.8.5] AndroidManifest.xml:34:22-78
54    <uses-permission android:name="com.htc.launcher.permission.UPDATE_SHORTCUT" /> <!-- Sony -->
54-->[com.onesignal:OneSignal:4.8.5] AndroidManifest.xml:35:5-83
54-->[com.onesignal:OneSignal:4.8.5] AndroidManifest.xml:35:22-80
55    <uses-permission android:name="com.sonyericsson.home.permission.BROADCAST_BADGE" />
55-->[com.onesignal:OneSignal:4.8.5] AndroidManifest.xml:36:5-88
55-->[com.onesignal:OneSignal:4.8.5] AndroidManifest.xml:36:22-85
56    <uses-permission android:name="com.sonymobile.home.permission.PROVIDER_INSERT_BADGE" /> <!-- Apex -->
56-->[com.onesignal:OneSignal:4.8.5] AndroidManifest.xml:37:5-92
56-->[com.onesignal:OneSignal:4.8.5] AndroidManifest.xml:37:22-89
57    <uses-permission android:name="com.anddoes.launcher.permission.UPDATE_COUNT" /> <!-- Solid -->
57-->[com.onesignal:OneSignal:4.8.5] AndroidManifest.xml:38:5-84
57-->[com.onesignal:OneSignal:4.8.5] AndroidManifest.xml:38:22-81
58    <uses-permission android:name="com.majeur.launcher.permission.UPDATE_BADGE" /> <!-- Huawei -->
58-->[com.onesignal:OneSignal:4.8.5] AndroidManifest.xml:39:5-83
58-->[com.onesignal:OneSignal:4.8.5] AndroidManifest.xml:39:22-80
59    <uses-permission android:name="com.huawei.android.launcher.permission.CHANGE_BADGE" />
59-->[com.onesignal:OneSignal:4.8.5] AndroidManifest.xml:40:5-91
59-->[com.onesignal:OneSignal:4.8.5] AndroidManifest.xml:40:22-88
60    <uses-permission android:name="com.huawei.android.launcher.permission.READ_SETTINGS" />
60-->[com.onesignal:OneSignal:4.8.5] AndroidManifest.xml:41:5-92
60-->[com.onesignal:OneSignal:4.8.5] AndroidManifest.xml:41:22-89
61    <uses-permission android:name="com.huawei.android.launcher.permission.WRITE_SETTINGS" /> <!-- ZUK -->
61-->[com.onesignal:OneSignal:4.8.5] AndroidManifest.xml:42:5-93
61-->[com.onesignal:OneSignal:4.8.5] AndroidManifest.xml:42:22-90
62    <uses-permission android:name="android.permission.READ_APP_BADGE" /> <!-- OPPO -->
62-->[com.onesignal:OneSignal:4.8.5] AndroidManifest.xml:43:5-73
62-->[com.onesignal:OneSignal:4.8.5] AndroidManifest.xml:43:22-70
63    <uses-permission android:name="com.oppo.launcher.permission.READ_SETTINGS" />
63-->[com.onesignal:OneSignal:4.8.5] AndroidManifest.xml:44:5-82
63-->[com.onesignal:OneSignal:4.8.5] AndroidManifest.xml:44:22-79
64    <uses-permission android:name="com.oppo.launcher.permission.WRITE_SETTINGS" /> <!-- EvMe -->
64-->[com.onesignal:OneSignal:4.8.5] AndroidManifest.xml:45:5-83
64-->[com.onesignal:OneSignal:4.8.5] AndroidManifest.xml:45:22-80
65    <uses-permission android:name="me.everything.badger.permission.BADGE_COUNT_READ" />
65-->[com.onesignal:OneSignal:4.8.5] AndroidManifest.xml:46:5-88
65-->[com.onesignal:OneSignal:4.8.5] AndroidManifest.xml:46:22-85
66    <uses-permission android:name="me.everything.badger.permission.BADGE_COUNT_WRITE" />
66-->[com.onesignal:OneSignal:4.8.5] AndroidManifest.xml:47:5-89
66-->[com.onesignal:OneSignal:4.8.5] AndroidManifest.xml:47:22-86
67    <uses-permission android:name="com.google.android.providers.gsf.permission.READ_GSERVICES" />
67-->[com.google.android.recaptcha:recaptcha:18.4.0] AndroidManifest.xml:9:5-98
67-->[com.google.android.recaptcha:recaptcha:18.4.0] AndroidManifest.xml:9:22-95
68    <uses-permission android:name="com.android.vending.BILLING" />
68-->[com.android.billingclient:billing:7.0.0] AndroidManifest.xml:10:5-67
68-->[com.android.billingclient:billing:7.0.0] AndroidManifest.xml:10:22-64
69    <uses-permission android:name="com.google.android.gms.permission.AD_ID" />
69-->[com.google.android.gms:play-services-ads-lite:22.0.0] AndroidManifest.xml:26:5-79
69-->[com.google.android.gms:play-services-ads-lite:22.0.0] AndroidManifest.xml:26:22-76
70    <uses-permission android:name="android.permission.FOREGROUND_SERVICE" />
70-->[androidx.work:work-runtime:2.7.0] AndroidManifest.xml:28:5-77
70-->[androidx.work:work-runtime:2.7.0] AndroidManifest.xml:28:22-74
71
72    <permission
72-->[androidx.core:core:1.9.0] AndroidManifest.xml:22:5-24:47
73        android:name="com.danielowusuacquah.ICA.DYNAMIC_RECEIVER_NOT_EXPORTED_PERMISSION"
73-->[androidx.core:core:1.9.0] AndroidManifest.xml:23:9-81
74        android:protectionLevel="signature" />
74-->[androidx.core:core:1.9.0] AndroidManifest.xml:24:9-44
75
76    <uses-permission android:name="com.danielowusuacquah.ICA.DYNAMIC_RECEIVER_NOT_EXPORTED_PERMISSION" />
76-->[androidx.core:core:1.9.0] AndroidManifest.xml:26:5-97
76-->[androidx.core:core:1.9.0] AndroidManifest.xml:26:22-94
77
78    <application
79        android:name="android.app.Application"
79-->src\main\AndroidManifest.xml:12:9-42
80        android:appComponentFactory="androidx.core.app.CoreComponentFactory"
80-->[androidx.core:core:1.9.0] AndroidManifest.xml:28:18-86
81        android:icon="@mipmap/ic_launcher"
81-->src\main\AndroidManifest.xml:13:9-43
82        android:label="ICA Companion : Pasco" >
82-->src\main\AndroidManifest.xml:11:9-46
83        <activity
83-->src\main\AndroidManifest.xml:14:9-34:20
84            android:name="com.example.ica_companion_pasco.MainActivity"
84-->src\main\AndroidManifest.xml:15:13-41
85            android:configChanges="orientation|keyboardHidden|keyboard|screenSize|smallestScreenSize|locale|layoutDirection|fontScale|screenLayout|density|uiMode"
85-->src\main\AndroidManifest.xml:19:13-163
86            android:exported="true"
86-->src\main\AndroidManifest.xml:16:13-36
87            android:hardwareAccelerated="true"
87-->src\main\AndroidManifest.xml:20:13-47
88            android:launchMode="singleTop"
88-->src\main\AndroidManifest.xml:17:13-43
89            android:theme="@style/LaunchTheme"
89-->src\main\AndroidManifest.xml:18:13-47
90            android:windowSoftInputMode="adjustResize" >
90-->src\main\AndroidManifest.xml:21:13-55
91
92            <!--
93                 Specifies an Android theme to apply to this Activity as soon as
94                 the Android process has started. This theme is visible to the user
95                 while the Flutter UI initializes. After that, this theme continues
96                 to determine the Window background behind the Flutter UI.
97            -->
98            <meta-data
98-->src\main\AndroidManifest.xml:26:13-29:17
99                android:name="io.flutter.embedding.android.NormalTheme"
99-->src\main\AndroidManifest.xml:27:15-70
100                android:resource="@style/NormalTheme" />
100-->src\main\AndroidManifest.xml:28:15-52
101
102            <intent-filter>
102-->src\main\AndroidManifest.xml:30:13-33:29
103                <action android:name="android.intent.action.MAIN" />
103-->src\main\AndroidManifest.xml:31:17-68
103-->src\main\AndroidManifest.xml:31:25-66
104
105                <category android:name="android.intent.category.LAUNCHER" />
105-->src\main\AndroidManifest.xml:32:17-76
105-->src\main\AndroidManifest.xml:32:27-74
106            </intent-filter>
107        </activity>
108        <!--
109             Don't delete the meta-data below.
110             This is used by the Flutter tool to generate GeneratedPluginRegistrant.java
111        -->
112        <meta-data
112-->src\main\AndroidManifest.xml:37:9-39:33
113            android:name="flutterEmbedding"
113-->src\main\AndroidManifest.xml:38:13-44
114            android:value="2" />
114-->src\main\AndroidManifest.xml:39:13-30
115        <meta-data
115-->src\main\AndroidManifest.xml:40:9-42:59
116            android:name="com.google.android.gms.ads.APPLICATION_ID"
116-->src\main\AndroidManifest.xml:41:3-59
117            android:value="ca-app-pub-2530239307985191~6560631110" />
117-->src\main\AndroidManifest.xml:42:3-57
118
119        <activity
119-->[:flutter_paystack] AndroidManifest.xml:10:9-12:54
120            android:name="co.paystack.flutterpaystack.AuthActivity"
120-->[:flutter_paystack] AndroidManifest.xml:11:13-68
121            android:theme="@style/Paystack.Dialog" />
121-->[:flutter_paystack] AndroidManifest.xml:12:13-51
122
123        <service
123-->[:firebase_database] AndroidManifest.xml:10:9-14:19
124            android:name="com.google.firebase.components.ComponentDiscoveryService"
124-->[:firebase_database] AndroidManifest.xml:10:18-89
125            android:directBootAware="true"
125-->[com.google.firebase:firebase-common:20.4.2] AndroidManifest.xml:32:13-43
126            android:exported="false" >
126-->[com.google.firebase:firebase-auth:22.3.1] AndroidManifest.xml:68:13-37
127            <meta-data
127-->[:firebase_database] AndroidManifest.xml:11:13-13:85
128                android:name="com.google.firebase.components:io.flutter.plugins.firebase.database.FlutterFirebaseAppRegistrar"
128-->[:firebase_database] AndroidManifest.xml:12:17-127
129                android:value="com.google.firebase.components.ComponentRegistrar" />
129-->[:firebase_database] AndroidManifest.xml:13:17-82
130            <meta-data
130-->[:cloud_firestore] AndroidManifest.xml:11:13-13:85
131                android:name="com.google.firebase.components:io.flutter.plugins.firebase.firestore.FlutterFirebaseFirestoreRegistrar"
131-->[:cloud_firestore] AndroidManifest.xml:12:17-134
132                android:value="com.google.firebase.components.ComponentRegistrar" />
132-->[:cloud_firestore] AndroidManifest.xml:13:17-82
133            <meta-data
133-->[:firebase_auth] AndroidManifest.xml:11:13-13:85
134                android:name="com.google.firebase.components:io.flutter.plugins.firebase.auth.FlutterFirebaseAuthRegistrar"
134-->[:firebase_auth] AndroidManifest.xml:12:17-124
135                android:value="com.google.firebase.components.ComponentRegistrar" />
135-->[:firebase_auth] AndroidManifest.xml:13:17-82
136            <meta-data
136-->[:firebase_core] AndroidManifest.xml:11:13-13:85
137                android:name="com.google.firebase.components:io.flutter.plugins.firebase.core.FlutterFirebaseCoreRegistrar"
137-->[:firebase_core] AndroidManifest.xml:12:17-124
138                android:value="com.google.firebase.components.ComponentRegistrar" />
138-->[:firebase_core] AndroidManifest.xml:13:17-82
139            <meta-data
139-->[com.google.firebase:firebase-auth:22.3.1] AndroidManifest.xml:69:13-71:85
140                android:name="com.google.firebase.components:com.google.firebase.auth.FirebaseAuthRegistrar"
140-->[com.google.firebase:firebase-auth:22.3.1] AndroidManifest.xml:70:17-109
141                android:value="com.google.firebase.components.ComponentRegistrar" />
141-->[com.google.firebase:firebase-auth:22.3.1] AndroidManifest.xml:71:17-82
142            <meta-data
142-->[com.google.firebase:firebase-firestore:24.10.3] AndroidManifest.xml:17:13-19:85
143                android:name="com.google.firebase.components:com.google.firebase.firestore.FirebaseFirestoreKtxRegistrar"
143-->[com.google.firebase:firebase-firestore:24.10.3] AndroidManifest.xml:18:17-122
144                android:value="com.google.firebase.components.ComponentRegistrar" />
144-->[com.google.firebase:firebase-firestore:24.10.3] AndroidManifest.xml:19:17-82
145            <meta-data
145-->[com.google.firebase:firebase-firestore:24.10.3] AndroidManifest.xml:20:13-22:85
146                android:name="com.google.firebase.components:com.google.firebase.firestore.FirestoreRegistrar"
146-->[com.google.firebase:firebase-firestore:24.10.3] AndroidManifest.xml:21:17-111
147                android:value="com.google.firebase.components.ComponentRegistrar" />
147-->[com.google.firebase:firebase-firestore:24.10.3] AndroidManifest.xml:22:17-82
148            <meta-data
148-->[com.google.firebase:firebase-database:20.3.1] AndroidManifest.xml:29:13-31:85
149                android:name="com.google.firebase.components:com.google.firebase.database.FirebaseDatabaseKtxRegistrar"
149-->[com.google.firebase:firebase-database:20.3.1] AndroidManifest.xml:30:17-120
150                android:value="com.google.firebase.components.ComponentRegistrar" />
150-->[com.google.firebase:firebase-database:20.3.1] AndroidManifest.xml:31:17-82
151            <meta-data
151-->[com.google.firebase:firebase-database:20.3.1] AndroidManifest.xml:32:13-34:85
152                android:name="com.google.firebase.components:com.google.firebase.database.DatabaseRegistrar"
152-->[com.google.firebase:firebase-database:20.3.1] AndroidManifest.xml:33:17-109
153                android:value="com.google.firebase.components.ComponentRegistrar" />
153-->[com.google.firebase:firebase-database:20.3.1] AndroidManifest.xml:34:17-82
154            <meta-data
154-->[com.google.firebase:firebase-messaging:23.4.1] AndroidManifest.xml:57:13-59:85
155                android:name="com.google.firebase.components:com.google.firebase.messaging.FirebaseMessagingKtxRegistrar"
155-->[com.google.firebase:firebase-messaging:23.4.1] AndroidManifest.xml:58:17-122
156                android:value="com.google.firebase.components.ComponentRegistrar" />
156-->[com.google.firebase:firebase-messaging:23.4.1] AndroidManifest.xml:59:17-82
157            <meta-data
157-->[com.google.firebase:firebase-messaging:23.4.1] AndroidManifest.xml:60:13-62:85
158                android:name="com.google.firebase.components:com.google.firebase.messaging.FirebaseMessagingRegistrar"
158-->[com.google.firebase:firebase-messaging:23.4.1] AndroidManifest.xml:61:17-119
159                android:value="com.google.firebase.components.ComponentRegistrar" />
159-->[com.google.firebase:firebase-messaging:23.4.1] AndroidManifest.xml:62:17-82
160            <meta-data
160-->[com.google.firebase:firebase-installations:17.2.0] AndroidManifest.xml:15:13-17:85
161                android:name="com.google.firebase.components:com.google.firebase.installations.FirebaseInstallationsKtxRegistrar"
161-->[com.google.firebase:firebase-installations:17.2.0] AndroidManifest.xml:16:17-130
162                android:value="com.google.firebase.components.ComponentRegistrar" />
162-->[com.google.firebase:firebase-installations:17.2.0] AndroidManifest.xml:17:17-82
163            <meta-data
163-->[com.google.firebase:firebase-installations:17.2.0] AndroidManifest.xml:18:13-20:85
164                android:name="com.google.firebase.components:com.google.firebase.installations.FirebaseInstallationsRegistrar"
164-->[com.google.firebase:firebase-installations:17.2.0] AndroidManifest.xml:19:17-127
165                android:value="com.google.firebase.components.ComponentRegistrar" />
165-->[com.google.firebase:firebase-installations:17.2.0] AndroidManifest.xml:20:17-82
166            <meta-data
166-->[com.google.firebase:firebase-common-ktx:20.4.2] AndroidManifest.xml:12:13-14:85
167                android:name="com.google.firebase.components:com.google.firebase.ktx.FirebaseCommonLegacyRegistrar"
167-->[com.google.firebase:firebase-common-ktx:20.4.2] AndroidManifest.xml:13:17-116
168                android:value="com.google.firebase.components.ComponentRegistrar" />
168-->[com.google.firebase:firebase-common-ktx:20.4.2] AndroidManifest.xml:14:17-82
169            <meta-data
169-->[com.google.firebase:firebase-common:20.4.2] AndroidManifest.xml:35:13-37:85
170                android:name="com.google.firebase.components:com.google.firebase.FirebaseCommonKtxRegistrar"
170-->[com.google.firebase:firebase-common:20.4.2] AndroidManifest.xml:36:17-109
171                android:value="com.google.firebase.components.ComponentRegistrar" />
171-->[com.google.firebase:firebase-common:20.4.2] AndroidManifest.xml:37:17-82
172            <meta-data
172-->[com.google.firebase:firebase-datatransport:18.1.7] AndroidManifest.xml:27:13-29:85
173                android:name="com.google.firebase.components:com.google.firebase.datatransport.TransportRegistrar"
173-->[com.google.firebase:firebase-datatransport:18.1.7] AndroidManifest.xml:28:17-115
174                android:value="com.google.firebase.components.ComponentRegistrar" />
174-->[com.google.firebase:firebase-datatransport:18.1.7] AndroidManifest.xml:29:17-82
175        </service>
176
177        <activity
177-->[:url_launcher_android] AndroidManifest.xml:10:9-13:74
178            android:name="io.flutter.plugins.urllauncher.WebViewActivity"
178-->[:url_launcher_android] AndroidManifest.xml:11:13-74
179            android:exported="false"
179-->[:url_launcher_android] AndroidManifest.xml:12:13-37
180            android:theme="@android:style/Theme.NoTitleBar.Fullscreen" />
180-->[:url_launcher_android] AndroidManifest.xml:13:13-71
181
182        <meta-data
182-->[:google_mobile_ads] AndroidManifest.xml:12:9-14:36
183            android:name="io.flutter.embedded_views_preview"
183-->[:google_mobile_ads] AndroidManifest.xml:13:13-61
184            android:value="true" />
184-->[:google_mobile_ads] AndroidManifest.xml:14:13-33
185        <!--
186           Declares a provider which allows us to store files to share in
187           '.../caches/share_plus' and grant the receiving action access
188        -->
189        <provider
189-->[:share_plus] AndroidManifest.xml:15:9-23:20
190            android:name="dev.fluttercommunity.plus.share.ShareFileProvider"
190-->[:share_plus] AndroidManifest.xml:16:13-77
191            android:authorities="com.danielowusuacquah.ICA.flutter.share_provider"
191-->[:share_plus] AndroidManifest.xml:17:13-74
192            android:exported="false"
192-->[:share_plus] AndroidManifest.xml:18:13-37
193            android:grantUriPermissions="true" >
193-->[:share_plus] AndroidManifest.xml:19:13-47
194            <meta-data
194-->[:share_plus] AndroidManifest.xml:20:13-22:68
195                android:name="android.support.FILE_PROVIDER_PATHS"
195-->[:share_plus] AndroidManifest.xml:21:17-67
196                android:resource="@xml/flutter_share_file_paths" />
196-->[:share_plus] AndroidManifest.xml:22:17-65
197        </provider>
198        <!--
199           This manifest declared broadcast receiver allows us to use an explicit
200           Intent when creating a PendingItent to be informed of the user's choice
201        -->
202        <receiver
202-->[:share_plus] AndroidManifest.xml:28:9-34:20
203            android:name="dev.fluttercommunity.plus.share.SharePlusPendingIntent"
203-->[:share_plus] AndroidManifest.xml:29:13-82
204            android:exported="true" >
204-->[:share_plus] AndroidManifest.xml:30:13-36
205            <intent-filter>
205-->[:share_plus] AndroidManifest.xml:31:13-33:29
206                <action android:name="EXTRA_CHOSEN_COMPONENT" />
206-->[:share_plus] AndroidManifest.xml:32:17-65
206-->[:share_plus] AndroidManifest.xml:32:25-62
207            </intent-filter>
208        </receiver>
209
210        <activity
210-->[com.google.firebase:firebase-auth:22.3.1] AndroidManifest.xml:29:9-46:20
211            android:name="com.google.firebase.auth.internal.GenericIdpActivity"
211-->[com.google.firebase:firebase-auth:22.3.1] AndroidManifest.xml:30:13-80
212            android:excludeFromRecents="true"
212-->[com.google.firebase:firebase-auth:22.3.1] AndroidManifest.xml:31:13-46
213            android:exported="true"
213-->[com.google.firebase:firebase-auth:22.3.1] AndroidManifest.xml:32:13-36
214            android:launchMode="singleTask"
214-->[com.google.firebase:firebase-auth:22.3.1] AndroidManifest.xml:33:13-44
215            android:theme="@android:style/Theme.Translucent.NoTitleBar" >
215-->[com.google.firebase:firebase-auth:22.3.1] AndroidManifest.xml:34:13-72
216            <intent-filter>
216-->[com.google.firebase:firebase-auth:22.3.1] AndroidManifest.xml:35:13-45:29
217                <action android:name="android.intent.action.VIEW" />
217-->src\main\AndroidManifest.xml:5:13-65
217-->src\main\AndroidManifest.xml:5:21-62
218
219                <category android:name="android.intent.category.DEFAULT" />
219-->[com.google.firebase:firebase-auth:22.3.1] AndroidManifest.xml:38:17-76
219-->[com.google.firebase:firebase-auth:22.3.1] AndroidManifest.xml:38:27-73
220                <category android:name="android.intent.category.BROWSABLE" />
220-->src\main\AndroidManifest.xml:6:13-74
220-->src\main\AndroidManifest.xml:6:23-71
221
222                <data
222-->src\main\AndroidManifest.xml:7:13-44
223                    android:host="firebase.auth"
224                    android:path="/"
225                    android:scheme="genericidp" />
225-->src\main\AndroidManifest.xml:7:19-41
226            </intent-filter>
227        </activity>
228        <activity
228-->[com.google.firebase:firebase-auth:22.3.1] AndroidManifest.xml:47:9-64:20
229            android:name="com.google.firebase.auth.internal.RecaptchaActivity"
229-->[com.google.firebase:firebase-auth:22.3.1] AndroidManifest.xml:48:13-79
230            android:excludeFromRecents="true"
230-->[com.google.firebase:firebase-auth:22.3.1] AndroidManifest.xml:49:13-46
231            android:exported="true"
231-->[com.google.firebase:firebase-auth:22.3.1] AndroidManifest.xml:50:13-36
232            android:launchMode="singleTask"
232-->[com.google.firebase:firebase-auth:22.3.1] AndroidManifest.xml:51:13-44
233            android:theme="@android:style/Theme.Translucent.NoTitleBar" >
233-->[com.google.firebase:firebase-auth:22.3.1] AndroidManifest.xml:52:13-72
234            <intent-filter>
234-->[com.google.firebase:firebase-auth:22.3.1] AndroidManifest.xml:53:13-63:29
235                <action android:name="android.intent.action.VIEW" />
235-->src\main\AndroidManifest.xml:5:13-65
235-->src\main\AndroidManifest.xml:5:21-62
236
237                <category android:name="android.intent.category.DEFAULT" />
237-->[com.google.firebase:firebase-auth:22.3.1] AndroidManifest.xml:38:17-76
237-->[com.google.firebase:firebase-auth:22.3.1] AndroidManifest.xml:38:27-73
238                <category android:name="android.intent.category.BROWSABLE" />
238-->src\main\AndroidManifest.xml:6:13-74
238-->src\main\AndroidManifest.xml:6:23-71
239
240                <data
240-->src\main\AndroidManifest.xml:7:13-44
241                    android:host="firebase.auth"
242                    android:path="/"
243                    android:scheme="recaptcha" />
243-->src\main\AndroidManifest.xml:7:19-41
244            </intent-filter>
245        </activity>
246
247        <receiver
247-->[com.onesignal:OneSignal:4.8.5] AndroidManifest.xml:50:9-61:20
248            android:name="com.onesignal.FCMBroadcastReceiver"
248-->[com.onesignal:OneSignal:4.8.5] AndroidManifest.xml:51:13-62
249            android:exported="true"
249-->[com.onesignal:OneSignal:4.8.5] AndroidManifest.xml:52:13-36
250            android:permission="com.google.android.c2dm.permission.SEND" >
250-->[com.onesignal:OneSignal:4.8.5] AndroidManifest.xml:53:13-73
251
252            <!-- High priority so OneSignal payloads can be filtered from other FCM receivers -->
253            <intent-filter android:priority="999" >
253-->[com.onesignal:OneSignal:4.8.5] AndroidManifest.xml:56:13-60:29
253-->[com.onesignal:OneSignal:4.8.5] AndroidManifest.xml:56:28-50
254                <action android:name="com.google.android.c2dm.intent.RECEIVE" />
254-->[com.onesignal:OneSignal:4.8.5] AndroidManifest.xml:57:17-81
254-->[com.onesignal:OneSignal:4.8.5] AndroidManifest.xml:57:25-78
255
256                <category android:name="com.danielowusuacquah.ICA" />
256-->[com.onesignal:OneSignal:4.8.5] AndroidManifest.xml:59:17-61
256-->[com.onesignal:OneSignal:4.8.5] AndroidManifest.xml:59:27-58
257            </intent-filter>
258        </receiver>
259
260        <service
260-->[com.onesignal:OneSignal:4.8.5] AndroidManifest.xml:63:9-69:19
261            android:name="com.onesignal.HmsMessageServiceOneSignal"
261-->[com.onesignal:OneSignal:4.8.5] AndroidManifest.xml:64:13-68
262            android:exported="false" >
262-->[com.onesignal:OneSignal:4.8.5] AndroidManifest.xml:65:13-37
263            <intent-filter>
263-->[com.onesignal:OneSignal:4.8.5] AndroidManifest.xml:66:13-68:29
264                <action android:name="com.huawei.push.action.MESSAGING_EVENT" />
264-->[com.onesignal:OneSignal:4.8.5] AndroidManifest.xml:67:17-81
264-->[com.onesignal:OneSignal:4.8.5] AndroidManifest.xml:67:25-78
265            </intent-filter>
266        </service>
267
268        <activity
268-->[com.onesignal:OneSignal:4.8.5] AndroidManifest.xml:71:9-79:20
269            android:name="com.onesignal.NotificationOpenedActivityHMS"
269-->[com.onesignal:OneSignal:4.8.5] AndroidManifest.xml:72:13-71
270            android:exported="true"
270-->[com.onesignal:OneSignal:4.8.5] AndroidManifest.xml:73:13-36
271            android:noHistory="true"
271-->[com.onesignal:OneSignal:4.8.5] AndroidManifest.xml:74:13-37
272            android:theme="@android:style/Theme.Translucent.NoTitleBar" >
272-->[com.onesignal:OneSignal:4.8.5] AndroidManifest.xml:75:13-72